<?xml version="1.0" encoding="UTF-8"?>
<!-- Generated by org.testng.reporters.JUnitReportReporter -->
<testsuite hostname="DESKTOP-5IEQ2GO" failures="0" tests="1" name="Tests.LoginPageTests" time="12.716" errors="0" timestamp="2023-02-09T00:03:43 IST" skipped="0">
  <testcase classname="Tests.LoginPageTests" name="AMlogin" time="12.716"/>
  <system-out/>
</testsuite> <!-- Tests.LoginPageTests -->
