<?xml version="1.0" encoding="UTF-8"?>
<!-- Generated by org.testng.reporters.JUnitReportReporter -->
<testsuite hostname="DESKTOP-5IEQ2GO" failures="0" tests="1" name="Base.BaseClass" time="24.307" errors="0" timestamp="2023-02-04T23:27:55 IST" skipped="0">
  <testcase classname="Base.BaseClass" name="BB" time="24.307"/>
  <system-out/>
</testsuite> <!-- Base.BaseClass -->
